[debug] [2025-08-30T22:36:44.447Z] ----------------------------------------------------------------------
[debug] [2025-08-30T22:36:44.452Z] Command:       C:\Program Files\nodejs\node.exe C:\Users\kachiDeGreat\AppData\Roaming\npm\node_modules\firebase-tools\lib\bin\firebase.js init
[debug] [2025-08-30T22:36:44.452Z] CLI Version:   14.15.1
[debug] [2025-08-30T22:36:44.453Z] Platform:      win32
[debug] [2025-08-30T22:36:44.453Z] Node Version:  v22.18.0
[debug] [2025-08-30T22:36:44.453Z] Time:          Sat Aug 30 2025 23:36:44 GMT+0100 (West Africa Standard Time)
[debug] [2025-08-30T22:36:44.454Z] ----------------------------------------------------------------------
[debug] 
[debug] [2025-08-30T22:36:44.466Z] > command requires scopes: ["email","openid","https://www.googleapis.com/auth/cloudplatformprojects.readonly","https://www.googleapis.com/auth/firebase","https://www.googleapis.com/auth/cloud-platform"]
[debug] [2025-08-30T22:36:44.466Z] > authorizing via signed-in user (godswillrichard110@gmail.com)
[info] 
     ######## #### ########  ######## ########     ###     ######  ########
     ##        ##  ##     ## ##       ##     ##  ##   ##  ##       ##
     ######    ##  ########  ######   ########  #########  ######  ######
     ##        ##  ##    ##  ##       ##     ## ##     ##       ## ##
     ##       #### ##     ## ######## ########  ##     ##  ######  ########

You're about to initialize a Firebase project in this directory:

  C:\Users\kachiDeGreat\Desktop\website-development\employment-system-app

[debug] [2025-08-30T22:37:00.048Z] ExitPromptError: User force closed the prompt with SIGINT
    at Interface.sigint (C:\Users\kachiDeGreat\AppData\Roaming\npm\node_modules\firebase-tools\node_modules\@inquirer\core\dist\commonjs\lib\create-prompt.js:101:37)
    at Interface.emit (node:events:518:28)
    at Interface.emit (node:domain:489:12)
    at [_ttyWrite] [as _ttyWrite] (node:internal/readline/interface:1132:18)
    at ReadStream.onkeypress (node:internal/readline/interface:271:20)
    at ReadStream.emit (node:events:530:35)
    at ReadStream.emit (node:domain:489:12)
    at emitKeys (node:internal/readline/utils:370:14)
    at emitKeys.next (<anonymous>)
    at ReadStream.onData (node:internal/readline/emitKeypressEvents:64:36)
[error] 
[error] Error: An unexpected error has occurred.
